Performing C++ SOURCE FILE Test CMAKE_HAVE_LIBC_PTHREAD failed with the following output:
Change Dir: /home/gengr/zxing-cpp-master/cmake-build-debug/CMakeFiles/CMakeTmp

Run Build Command(s):/snap/clion/198/bin/ninja/linux/ninja cmTC_fe3a8 && [1/2] Building CXX object CMakeFiles/cmTC_fe3a8.dir/src.cxx.o
[2/2] Linking CXX executable cmTC_fe3a8
FAILED: cmTC_fe3a8 
: && /usr/bin/c++   CMakeFiles/cmTC_fe3a8.dir/src.cxx.o -o cmTC_fe3a8   && :
CMakeFiles/cmTC_fe3a8.dir/src.cxx.o: In function `main':
src.cxx:(.text+0x3e): undefined reference to `pthread_create'
src.cxx:(.text+0x4a): undefined reference to `pthread_detach'
src.cxx:(.text+0x56): undefined reference to `pthread_cancel'
src.cxx:(.text+0x67): undefined reference to `pthread_join'
src.cxx:(.text+0x7b): undefined reference to `pthread_atfork'
collect2: error: ld returned 1 exit status
ninja: build stopped: subcommand failed.


Source file was:
#include <pthread.h>

static void* test_func(void* data)
{
  return data;
}

int main(void)
{
  pthread_t thread;
  pthread_create(&thread, NULL, test_func, NULL);
  pthread_detach(thread);
  pthread_cancel(thread);
  pthread_join(thread, NULL);
  pthread_atfork(NULL, NULL, NULL);
  pthread_exit(NULL);

  return 0;
}

