Performing C++ SOURCE FILE Test CMAKE_HAVE_LIBC_PTHREAD failed with the following output:
Change Dir: /home/gengr/zxing-cpp-master/build/CMakeFiles/CMakeTmp

Run Build Command(s):/usr/bin/make cmTC_370d9/fast && /usr/bin/make -f CMakeFiles/cmTC_370d9.dir/build.make CMakeFiles/cmTC_370d9.dir/build
make[1]: Entering directory '/home/gengr/zxing-cpp-master/build/CMakeFiles/CMakeTmp'
Building CXX object CMakeFiles/cmTC_370d9.dir/src.cxx.o
/usr/bin/c++    -DCMAKE_HAVE_LIBC_PTHREAD   -std=c++1z -o CMakeFiles/cmTC_370d9.dir/src.cxx.o -c /home/gengr/zxing-cpp-master/build/CMakeFiles/CMakeTmp/src.cxx
Linking CXX executable cmTC_370d9
/usr/local/bin/cmake -E cmake_link_script CMakeFiles/cmTC_370d9.dir/link.txt --verbose=1
/usr/bin/c++   -DCMAKE_HAVE_LIBC_PTHREAD    CMakeFiles/cmTC_370d9.dir/src.cxx.o  -o cmTC_370d9 
CMakeFiles/cmTC_370d9.dir/src.cxx.o: In function `main':
src.cxx:(.text+0x3e): undefined reference to `pthread_create'
src.cxx:(.text+0x4a): undefined reference to `pthread_detach'
src.cxx:(.text+0x56): undefined reference to `pthread_cancel'
src.cxx:(.text+0x67): undefined reference to `pthread_join'
src.cxx:(.text+0x7b): undefined reference to `pthread_atfork'
collect2: error: ld returned 1 exit status
CMakeFiles/cmTC_370d9.dir/build.make:103: recipe for target 'cmTC_370d9' failed
make[1]: *** [cmTC_370d9] Error 1
make[1]: Leaving directory '/home/gengr/zxing-cpp-master/build/CMakeFiles/CMakeTmp'
Makefile:138: recipe for target 'cmTC_370d9/fast' failed
make: *** [cmTC_370d9/fast] Error 2


Source file was:
#include <pthread.h>

void* test_func(void* data)
{
  return data;
}

int main(void)
{
  pthread_t thread;
  pthread_create(&thread, NULL, test_func, NULL);
  pthread_detach(thread);
  pthread_cancel(thread);
  pthread_join(thread, NULL);
  pthread_atfork(NULL, NULL, NULL);
  pthread_exit(NULL);

  return 0;
}

